Traceback (most recent call last):
  File "D:\www\palpity_rodovias\scripts\result_collector.py", line 1, in <module>
    from utils.api_client import get_headers, get_markets
ModuleNotFoundError: No module named 'utils'


[14:56:27] Reiniciando processo...
Traceback (most recent call last):
  File "D:\www\palpity_rodovias\scripts\result_collector.py", line 1, in <module>
    from utils.api_client import get_headers, get_markets
ModuleNotFoundError: No module named 'utils'


[14:56:32] Reiniciando processo...
Traceback (most recent call last):
  File "D:\www\palpity_rodovias\scripts\result_collector.py", line 1, in <module>
    from utils.api_client import get_headers, get_markets
ModuleNotFoundError: No module named 'utils'


[14:56:37] Reiniciando processo...
Traceback (most recent call last):
  File "D:\www\palpity_rodovias\scripts\result_collector.py", line 1, in <module>
    from utils.api_client import get_headers, get_markets
ModuleNotFoundError: No module named 'utils'


[14:56:42] Reiniciando processo...
Traceback (most recent call last):
  File "D:\www\palpity_rodovias\scripts\result_collector.py", line 1, in <module>
    from utils.api_client import get_headers, get_markets
ModuleNotFoundError: No module named 'utils'


[14:56:47] Reiniciando processo...
Traceback (most recent call last):
  File "D:\www\palpity_rodovias\scripts\result_collector.py", line 1, in <module>
    from utils.api_client import get_headers, get_markets
ModuleNotFoundError: No module named 'utils'


[14:56:52] Reiniciando processo...
Traceback (most recent call last):
  File "D:\www\palpity_rodovias\scripts\result_collector.py", line 1, in <module>
    from utils.api_client import get_headers, get_markets
ModuleNotFoundError: No module named 'utils'


[14:56:57] Reiniciando processo...
Traceback (most recent call last):
  File "D:\www\palpity_rodovias\scripts\result_collector.py", line 1, in <module>
    from utils.api_client import get_headers, get_markets
ModuleNotFoundError: No module named 'utils'


[14:57:02] Reiniciando processo...
Traceback (most recent call last):
  File "D:\www\palpity_rodovias\scripts\result_collector.py", line 1, in <module>
    from utils.api_client import get_headers, get_markets
ModuleNotFoundError: No module named 'utils'


[14:57:07] Reiniciando processo...
Traceback (most recent call last):
  File "D:\www\palpity_rodovias\scripts\result_collector.py", line 1, in <module>
    from utils.api_client import get_headers, get_markets
ModuleNotFoundError: No module named 'utils'


[14:57:12] Reiniciando processo...
Traceback (most recent call last):
  File "D:\www\palpity_rodovias\scripts\result_collector.py", line 1, in <module>
    from utils.api_client import get_headers, get_markets
ModuleNotFoundError: No module named 'utils'


[14:57:17] Reiniciando processo...
Traceback (most recent call last):
  File "D:\www\palpity_rodovias\scripts\result_collector.py", line 1, in <module>
    from utils.api_client import get_headers, get_markets
ModuleNotFoundError: No module named 'utils'


[14:57:22] Reiniciando processo...
Traceback (most recent call last):
  File "D:\www\palpity_rodovias\scripts\result_collector.py", line 1, in <module>
    from utils.api_client import get_headers, get_markets
ModuleNotFoundError: No module named 'utils'


[14:57:27] Reiniciando processo...
Traceback (most recent call last):
  File "D:\www\palpity_rodovias\scripts\result_collector.py", line 1, in <module>
    from utils.api_client import get_headers, get_markets
ModuleNotFoundError: No module named 'utils'


[14:57:32] Reiniciando processo...
Traceback (most recent call last):
  File "D:\www\palpity_rodovias\scripts\result_collector.py", line 1, in <module>
    from utils.api_client import get_headers, get_markets
ModuleNotFoundError: No module named 'utils'


[14:57:37] Reiniciando processo...
Traceback (most recent call last):
  File "D:\www\palpity_rodovias\scripts\result_collector.py", line 1, in <module>
    from utils.api_client import get_headers, get_markets
ModuleNotFoundError: No module named 'utils'


[14:57:42] Reiniciando processo...
Traceback (most recent call last):
  File "D:\www\palpity_rodovias\scripts\result_collector.py", line 1, in <module>
    from utils.api_client import get_headers, get_markets
ModuleNotFoundError: No module named 'utils'


[14:57:47] Reiniciando processo...
Traceback (most recent call last):
  File "D:\www\palpity_rodovias\scripts\result_collector.py", line 1, in <module>
    from utils.api_client import get_headers, get_markets
ModuleNotFoundError: No module named 'utils'


[14:57:52] Reiniciando processo...
Traceback (most recent call last):
  File "D:\www\palpity_rodovias\scripts\result_collector.py", line 1, in <module>
    from utils.api_client import get_headers, get_markets
ModuleNotFoundError: No module named 'utils'


[14:57:57] Reiniciando processo...
Traceback (most recent call last):
  File "D:\www\palpity_rodovias\scripts\result_collector.py", line 1, in <module>
    from utils.api_client import get_headers, get_markets
ModuleNotFoundError: No module named 'utils'


[14:58:02] Reiniciando processo...
Traceback (most recent call last):
  File "D:\www\palpity_rodovias\scripts\result_collector.py", line 1, in <module>
    from utils.api_client import get_headers, get_markets
ModuleNotFoundError: No module named 'utils'
